* Tue Jun 15 11:08:34 UTC 2021
* Tue Jun 15 11:12:40 UTC 2021
* Tue Jun 15 12:01:58 UTC 2021 - cron
* Tue Jun 15 12:42:48 UTC 2021
* Tue Jun 15 16:03:32 UTC 2021 - cron
* Tue Jun 15 20:01:47 UTC 2021 - cron
* Wed Jun 16 00:01:35 UTC 2021 - cron
* Wed Jun 16 01:22:12 UTC 2021
* Wed Jun 16 01:31:16 UTC 2021
* Wed Jun 16 01:34:13 UTC 2021
* Wed Jun 16 01:36:38 UTC 2021
* Wed Jun 16 03:23:01 UTC 2021
* Wed Jun 16 03:48:19 UTC 2021
* Wed Jun 16 04:01:48 UTC 2021 - cron
* Wed Jun 16 04:39:17 UTC 2021
* Wed Jun 16 08:01:52 UTC 2021 - cron
* Wed Jun 16 12:01:57 UTC 2021 - cron
* Wed Jun 16 16:03:33 UTC 2021 - cron
* Wed Jun 16 20:01:45 UTC 2021 - cron
* Thu Jun 17 00:01:48 UTC 2021 - cron
* Thu Jun 17 04:01:49 UTC 2021 - cron
* Thu Jun 17 05:36:36 UTC 2021
* Thu Jun 17 05:40:29 UTC 2021
* Thu Jun 17 08:02:09 UTC 2021 - cron
* Thu Jun 17 12:01:41 UTC 2021 - cron
* Thu Jun 17 16:08:20 UTC 2021 - cron
* Thu Jun 17 16:14:02 UTC 2021
* Thu Jun 17 20:02:04 UTC 2021 - cron
* Fri Jun 18 00:01:47 UTC 2021 - cron
* Fri Jun 18 04:01:34 UTC 2021 - cron
